<?xml version="1.0" encoding="UTF-8"?>
<testng-results ignored="0" total="2" passed="2" failed="0" skipped="0">
  <reporter-output>
  </reporter-output>
  <suite started-at="2022-07-31T12:53:42Z" name="Suite" finished-at="2022-07-31T12:54:03Z" duration-ms="21049">
    <groups>
    </groups>
    <test started-at="2022-07-31T12:53:42Z" name="Test" finished-at="2022-07-31T12:54:03Z" duration-ms="21049">
      <class name="com.hcl.smart.CreateSRTest">
        <test-method is-config="true" signature="beforeTest()[pri:0, instance:com.hcl.smart.CreateSRTest@62010f5c]" started-at="2022-07-31T12:53:42Z" name="beforeTest" finished-at="2022-07-31T12:53:51Z" duration-ms="8876" status="PASS">
          <reporter-output>
          </reporter-output>
        </test-method> <!-- beforeTest -->
        <test-method signature="launchSR()[pri:0, instance:com.hcl.smart.CreateSRTest@62010f5c]" started-at="2022-07-31T12:53:51Z" name="launchSR" finished-at="2022-07-31T12:53:55Z" duration-ms="4128" status="PASS">
          <reporter-output>
          </reporter-output>
        </test-method> <!-- launchSR -->
        <test-method signature="loginSR()[pri:0, instance:com.hcl.smart.CreateSRTest@62010f5c]" started-at="2022-07-31T12:53:55Z" name="loginSR" finished-at="2022-07-31T12:54:02Z" duration-ms="7378" status="PASS">
          <reporter-output>
          </reporter-output>
        </test-method> <!-- loginSR -->
        <test-method is-config="true" signature="AfterTest()[pri:0, instance:com.hcl.smart.CreateSRTest@62010f5c]" started-at="2022-07-31T12:54:02Z" name="AfterTest" finished-at="2022-07-31T12:54:03Z" duration-ms="653" status="PASS">
          <reporter-output>
          </reporter-output>
        </test-method> <!-- AfterTest -->
      </class> <!-- com.hcl.smart.CreateSRTest -->
    </test> <!-- Test -->
  </suite> <!-- Suite -->
</testng-results>
